#
# There is insufficient memory for the Java Runtime Environment to continue.
# Native memory allocation (malloc) failed to allocate 32744 bytes for ChunkPool::allocate
# Possible reasons:
#   The system is out of physical RAM or swap space
#   In 32 bit mode, the process size limit was hit
# Possible solutions:
#   Reduce memory load on the system
#   Increase physical memory or swap space
#   Check if swap backing store is full
#   Use 64 bit Java on a 64 bit OS
#   Decrease Java heap size (-Xmx/-Xms)
#   Decrease number of Java threads
#   Decrease Java thread stack sizes (-Xss)
#   Set larger code cache with -XX:ReservedCodeCacheSize=
# This output file may be truncated or incomplete.
#
#  Out of Memory Error (allocation.cpp:273), pid=11808, tid=0x0000000000000554
#
# JRE version: Java(TM) SE Runtime Environment (8.0_161-b12) (build 1.8.0_161-b12)
# Java VM: Java HotSpot(TM) 64-Bit Server VM (25.161-b12 mixed mode windows-amd64 compressed oops)
# Failed to write core dump. Minidumps are not enabled by default on client versions of Windows
#

---------------  T H R E A D  ---------------

Current thread (0x0000000016f86000):  JavaThread "C2 CompilerThread1" daemon [_thread_in_native, id=1364, stack(0x00000000189a0000,0x0000000018aa0000)]

Stack: [0x00000000189a0000,0x0000000018aa0000]
[error occurred during error reporting (printing stack bounds), id 0xc0000005]

Native frames: (J=compiled Java code, j=interpreted, Vv=VM code, C=native code)


Current CompileTask:
C2:  58048 4370   !   4       org.springframework.util.ReflectionUtils::doWithMethods (176 bytes)


---------------  P R O C E S S  ---------------

Java Threads: ( => current thread )
  0x000000001c7e7800 JavaThread "Abandoned connection cleanup thread" daemon [_thread_blocked, id=30208, stack(0x000000001d060000,0x000000001d160000)]
  0x0000000018c11800 JavaThread "Service Thread" daemon [_thread_blocked, id=33212, stack(0x0000000018fa0000,0x00000000190a0000)]
  0x0000000016f8e800 JavaThread "C1 CompilerThread2" daemon [_thread_blocked, id=33440, stack(0x0000000018aa0000,0x0000000018ba0000)]
=>0x0000000016f86000 JavaThread "C2 CompilerThread1" daemon [_thread_in_native, id=1364, stack(0x00000000189a0000,0x0000000018aa0000)]
  0x0000000016f92000 JavaThread "C2 CompilerThread0" daemon [_thread_blocked, id=20996, stack(0x00000000188a0000,0x00000000189a0000)]
  0x0000000016f72000 JavaThread "JDWP Event Helper Thread" daemon [_thread_blocked, id=16960, stack(0x00000000186a0000,0x00000000187a0000)]
  0x0000000016f64000 JavaThread "JDWP Transport Listener: dt_socket" daemon [_thread_blocked, id=19528, stack(0x00000000185a0000,0x00000000186a0000)]
  0x0000000016f5a800 JavaThread "Attach Listener" daemon [_thread_blocked, id=32744, stack(0x00000000184a0000,0x00000000185a0000)]
  0x0000000016f3a800 JavaThread "Finalizer" daemon [_thread_blocked, id=29228, stack(0x00000000181a0000,0x00000000182a0000)]
  0x0000000002415000 JavaThread "Reference Handler" daemon [_thread_blocked, id=32424, stack(0x00000000180a0000,0x00000000181a0000)]

Other Threads:
  0x0000000016f17000 VMThread [stack: 0x0000000017fa0000,0x00000000180a0000] [id=12424]

VM state:at safepoint (normal execution)

VM Mutex/Monitor currently owned by a thread:  ([mutex/lock_event])
[0x0000000002322c80] Threads_lock - owner thread: 0x0000000016f17000
[0x0000000002322a80] Heap_lock - owner thread: 0x000000001a590800

Heap:
 PSYoungGen      total 197120K, used 44316K [0x00000000d5f00000, 0x00000000e3500000, 0x0000000100000000)
  eden space 184832K, 17% used [0x00000000d5f00000,0x00000000d7e4ee70,0x00000000e1380000)
  from space 12288K, 99% used [0x00000000e2900000,0x00000000e34f82e0,0x00000000e3500000)
  to   space 14336K, 0% used [0x00000000e1900000,0x00000000e1900000,0x00000000e2700000)
 ParOldGen       total 87552K, used 21882K [0x0000000081c00000, 0x0000000087180000, 0x00000000d5f00000)
  object space 87552K, 24% used [0x0000000081c00000,0x000000008315eb38,0x0000000087180000)
 Metaspace       used 46823K, capacity 48624K, committed 48856K, reserved 1091584K
  class space    used 6333K, capacity 6648K, committed 6656K, reserved 1048576K

Card table byte_map: [0x00000000117e0000,0x0000000011be0000] byte_map_base: 0x00000000113d2000

Marking Bits: (ParMarkBitMap*) 0x000000006b70f860
 Begin Bits: [0x0000000012290000, 0x0000000014220000)
 End Bits:   [0x0000000014220000, 0x00000000161b0000)

Polling page: 0x00000000020e0000

CodeCache: size=245760Kb used=13992Kb max_used=15130Kb free=231767Kb
 bounds [0x0000000002420000, 0x0000000003310000, 0x0000000011420000]
 total_blobs=4634 nmethods=4100 adapters=454
 compilation: enabled

Compilation events (10 events):
Event: 57.737 Thread 0x0000000016f8e800 4590       2       com.mysql.jdbc.MysqlIO::nextRow (364 bytes)
Event: 57.739 Thread 0x0000000016f8e800 nmethod 4590 0x0000000002ad7450 code [0x0000000002ad7680, 0x0000000002ad8428]
Event: 57.740 Thread 0x0000000016f8e800 4591   !   2       com.mysql.jdbc.MysqlIO::nextRowFast (1012 bytes)
Event: 57.743 Thread 0x0000000016f8e800 nmethod 4591 0x0000000002a6fc90 code [0x0000000002a70120, 0x0000000002a71ab8]
Event: 57.766 Thread 0x0000000016f8e800 4592       2       com.mysql.jdbc.RowDataStatic::close (1 bytes)
Event: 57.766 Thread 0x0000000016f8e800 nmethod 4592 0x0000000002850190 code [0x00000000028502e0, 0x0000000002850430]
Event: 57.780 Thread 0x0000000016f8e800 4593   !   2       com.mysql.jdbc.ResultSetImpl::next (134 bytes)
Event: 57.782 Thread 0x0000000016f8e800 nmethod 4593 0x00000000026145d0 code [0x0000000002614800, 0x0000000002615278]
Event: 57.834 Thread 0x0000000016f8e800 4594       1       org.hibernate.service.spi.ServiceBinding::getLifecycleOwner (5 bytes)
Event: 57.835 Thread 0x0000000016f8e800 nmethod 4594 0x000000000273f990 code [0x000000000273fae0, 0x000000000273fbf0]

GC Heap History (10 events):
Event: 4.850 GC heap before
{Heap before GC invocations=6 (full 1):
 PSYoungGen      total 71680K, used 5118K [0x00000000d5f00000, 0x00000000df500000, 0x0000000100000000)
  eden space 66560K, 0% used [0x00000000d5f00000,0x00000000d5f00000,0x00000000da000000)
  from space 5120K, 99% used [0x00000000da000000,0x00000000da4ff8a0,0x00000000da500000)
  to   space 10240K, 0% used [0x00000000deb00000,0x00000000deb00000,0x00000000df500000)
 ParOldGen       total 87552K, used 10082K [0x0000000081c00000, 0x0000000087180000, 0x00000000d5f00000)
  object space 87552K, 11% used [0x0000000081c00000,0x00000000825d8b68,0x0000000087180000)
 Metaspace       used 20500K, capacity 21150K, committed 21248K, reserved 1067008K
  class space    used 2588K, capacity 2725K, committed 2816K, reserved 1048576K
Event: 4.894 GC heap after
Heap after GC invocations=6 (full 1):
 PSYoungGen      total 71680K, used 0K [0x00000000d5f00000, 0x00000000df500000, 0x0000000100000000)
  eden space 66560K, 0% used [0x00000000d5f00000,0x00000000d5f00000,0x00000000da000000)
  from space 5120K, 0% used [0x00000000da000000,0x00000000da000000,0x00000000da500000)
  to   space 10240K, 0% used [0x00000000deb00000,0x00000000deb00000,0x00000000df500000)
 ParOldGen       total 56832K, used 9843K [0x0000000081c00000, 0x0000000085380000, 0x00000000d5f00000)
  object space 56832K, 17% used [0x0000000081c00000,0x000000008259cee0,0x0000000085380000)
 Metaspace       used 20500K, capacity 21150K, committed 21248K, reserved 1067008K
  class space    used 2588K, capacity 2725K, committed 2816K, reserved 1048576K
}
Event: 6.382 GC heap before
{Heap before GC invocations=7 (full 1):
 PSYoungGen      total 71680K, used 66560K [0x00000000d5f00000, 0x00000000df500000, 0x0000000100000000)
  eden space 66560K, 100% used [0x00000000d5f00000,0x00000000da000000,0x00000000da000000)
  from space 5120K, 0% used [0x00000000da000000,0x00000000da000000,0x00000000da500000)
  to   space 10240K, 0% used [0x00000000deb00000,0x00000000deb00000,0x00000000df500000)
 ParOldGen       total 56832K, used 9843K [0x0000000081c00000, 0x0000000085380000, 0x00000000d5f00000)
  object space 56832K, 17% used [0x0000000081c00000,0x000000008259cee0,0x0000000085380000)
 Metaspace       used 25075K, capacity 26154K, committed 26496K, reserved 1073152K
  class space    used 3165K, capacity 3355K, committed 3456K, reserved 1048576K
Event: 6.397 GC heap after
Heap after GC invocations=7 (full 1):
 PSYoungGen      total 120832K, used 5616K [0x00000000d5f00000, 0x00000000df080000, 0x0000000100000000)
  eden space 115200K, 0% used [0x00000000d5f00000,0x00000000d5f00000,0x00000000dcf80000)
  from space 5632K, 99% used [0x00000000deb00000,0x00000000df07c078,0x00000000df080000)
  to   space 10240K, 0% used [0x00000000ddc80000,0x00000000ddc80000,0x00000000de680000)
 ParOldGen       total 56832K, used 9843K [0x0000000081c00000, 0x0000000085380000, 0x00000000d5f00000)
  object space 56832K, 17% used [0x0000000081c00000,0x000000008259cee0,0x0000000085380000)
 Metaspace       used 25075K, capacity 26154K, committed 26496K, reserved 1073152K
  class space    used 3165K, capacity 3355K, committed 3456K, reserved 1048576K
}
Event: 8.877 GC heap before
{Heap before GC invocations=8 (full 1):
 PSYoungGen      total 120832K, used 67169K [0x00000000d5f00000, 0x00000000df080000, 0x0000000100000000)
  eden space 115200K, 53% used [0x00000000d5f00000,0x00000000d9b1c518,0x00000000dcf80000)
  from space 5632K, 99% used [0x00000000deb00000,0x00000000df07c078,0x00000000df080000)
  to   space 10240K, 0% used [0x00000000ddc80000,0x00000000ddc80000,0x00000000de680000)
 ParOldGen       total 56832K, used 9843K [0x0000000081c00000, 0x0000000085380000, 0x00000000d5f00000)
  object space 56832K, 17% used [0x0000000081c00000,0x000000008259cee0,0x0000000085380000)
 Metaspace       used 34094K, capacity 35146K, committed 35416K, reserved 1079296K
  class space    used 4523K, capacity 4723K, committed 4736K, reserved 1048576K
Event: 8.893 GC heap after
Heap after GC invocations=8 (full 1):
 PSYoungGen      total 138752K, used 10218K [0x00000000d5f00000, 0x00000000e3500000, 0x0000000100000000)
  eden space 128512K, 0% used [0x00000000d5f00000,0x00000000d5f00000,0x00000000ddc80000)
  from space 10240K, 99% used [0x00000000ddc80000,0x00000000de67aaf8,0x00000000de680000)
  to   space 12288K, 0% used [0x00000000e2900000,0x00000000e2900000,0x00000000e3500000)
 ParOldGen       total 56832K, used 11713K [0x0000000081c00000, 0x0000000085380000, 0x00000000d5f00000)
  object space 56832K, 20% used [0x0000000081c00000,0x0000000082770570,0x0000000085380000)
 Metaspace       used 34094K, capacity 35146K, committed 35416K, reserved 1079296K
  class space    used 4523K, capacity 4723K, committed 4736K, reserved 1048576K
}
Event: 8.893 GC heap before
{Heap before GC invocations=9 (full 2):
 PSYoungGen      total 138752K, used 10218K [0x00000000d5f00000, 0x00000000e3500000, 0x0000000100000000)
  eden space 128512K, 0% used [0x00000000d5f00000,0x00000000d5f00000,0x00000000ddc80000)
  from space 10240K, 99% used [0x00000000ddc80000,0x00000000de67aaf8,0x00000000de680000)
  to   space 12288K, 0% used [0x00000000e2900000,0x00000000e2900000,0x00000000e3500000)
 ParOldGen       total 56832K, used 11713K [0x0000000081c00000, 0x0000000085380000, 0x00000000d5f00000)
  object space 56832K, 20% used [0x0000000081c00000,0x0000000082770570,0x0000000085380000)
 Metaspace       used 34094K, capacity 35146K, committed 35416K, reserved 1079296K
  class space    used 4523K, capacity 4723K, committed 4736K, reserved 1048576K
Event: 9.015 GC heap after
Heap after GC invocations=9 (full 2):
 PSYoungGen      total 138752K, used 0K [0x00000000d5f00000, 0x00000000e3500000, 0x0000000100000000)
  eden space 128512K, 0% used [0x00000000d5f00000,0x00000000d5f00000,0x00000000ddc80000)
  from space 10240K, 0% used [0x00000000ddc80000,0x00000000ddc80000,0x00000000de680000)
  to   space 12288K, 0% used [0x00000000e2900000,0x00000000e2900000,0x00000000e3500000)
 ParOldGen       total 87552K, used 20543K [0x0000000081c00000, 0x0000000087180000, 0x00000000d5f00000)
  object space 87552K, 23% used [0x0000000081c00000,0x000000008300ffa8,0x0000000087180000)
 Metaspace       used 34094K, capacity 35146K, committed 35416K, reserved 1079296K
  class space    used 4523K, capacity 4723K, committed 4736K, reserved 1048576K
}
Event: 55.222 GC heap before
{Heap before GC invocations=10 (full 2):
 PSYoungGen      total 138752K, used 128512K [0x00000000d5f00000, 0x00000000e3500000, 0x0000000100000000)
  eden space 128512K, 100% used [0x00000000d5f00000,0x00000000ddc80000,0x00000000ddc80000)
  from space 10240K, 0% used [0x00000000ddc80000,0x00000000ddc80000,0x00000000de680000)
  to   space 12288K, 0% used [0x00000000e2900000,0x00000000e2900000,0x00000000e3500000)
 ParOldGen       total 87552K, used 20543K [0x0000000081c00000, 0x0000000087180000, 0x00000000d5f00000)
  object space 87552K, 23% used [0x0000000081c00000,0x000000008300ffa8,0x0000000087180000)
 Metaspace       used 45520K, capacity 47178K, committed 47448K, reserved 1089536K
  class space    used 6178K, capacity 6453K, committed 6528K, reserved 1048576K
Event: 55.240 GC heap after
Heap after GC invocations=10 (full 2):
 PSYoungGen      total 197120K, used 12256K [0x00000000d5f00000, 0x00000000e3500000, 0x0000000100000000)
  eden space 184832K, 0% used [0x00000000d5f00000,0x00000000d5f00000,0x00000000e1380000)
  from space 12288K, 99% used [0x00000000e2900000,0x00000000e34f82e0,0x00000000e3500000)
  to   space 14336K, 0% used [0x00000000e1900000,0x00000000e1900000,0x00000000e2700000)
 ParOldGen       total 87552K, used 21882K [0x0000000081c00000, 0x0000000087180000, 0x00000000d5f00000)
  object space 87552K, 24% used [0x0000000081c00000,0x000000008315eb38,0x0000000087180000)
 Metaspace       used 45520K, capacity 47178K, committed 47448K, reserved 1089536K
  class space    used 6178K, capacity 6453K, committed 6528K, reserved 1048576K
}

Deoptimization events (10 events):
Event: 56.881 Thread 0x0000000002325800 Uncommon trap: reason=unstable_if action=reinterpret pc=0x0000000002eb1da0 method=java.util.concurrent.ConcurrentHashMap.get(Ljava/lang/Object;)Ljava/lang/Object; @ 86
Event: 57.059 Thread 0x0000000002325800 Uncommon trap: reason=unstable_if action=reinterpret pc=0x0000000002eb0300 method=java.io.WinNTFileSystem.isLetter(C)Z @ 3
Event: 57.067 Thread 0x0000000002325800 Uncommon trap: reason=class_check action=maybe_recompile pc=0x0000000002d40ab8 method=org.springframework.boot.context.properties.source.ConfigurationPropertyName.isIndexed(Ljava/lang/CharSequence;)Z @ 2
Event: 57.067 Thread 0x0000000002325800 Uncommon trap: reason=class_check action=maybe_recompile pc=0x0000000002d40ab8 method=org.springframework.boot.context.properties.source.ConfigurationPropertyName.isIndexed(Ljava/lang/CharSequence;)Z @ 2
Event: 57.067 Thread 0x0000000002325800 Uncommon trap: reason=class_check action=maybe_recompile pc=0x0000000002d40ab8 method=org.springframework.boot.context.properties.source.ConfigurationPropertyName.isIndexed(Ljava/lang/CharSequence;)Z @ 2
Event: 57.067 Thread 0x0000000002325800 Uncommon trap: reason=class_check action=maybe_recompile pc=0x0000000002d40ab8 method=org.springframework.boot.context.properties.source.ConfigurationPropertyName.isIndexed(Ljava/lang/CharSequence;)Z @ 2
Event: 57.155 Thread 0x0000000002325800 Uncommon trap: reason=unstable_if action=reinterpret pc=0x00000000029da194 method=org.springframework.util.ConcurrentReferenceHashMap$Segment.clear()V @ 4
Event: 57.214 Thread 0x0000000002325800 Uncommon trap: reason=bimorphic action=maybe_recompile pc=0x0000000002f80358 method=java.lang.Throwable.<init>(Ljava/lang/String;Ljava/lang/Throwable;)V @ 24
Event: 57.335 Thread 0x0000000002325800 Uncommon trap: reason=unstable_if action=reinterpret pc=0x0000000002735b64 method=java.lang.CharacterDataLatin1.isWhitespace(I)Z @ 14
Event: 57.413 Thread 0x0000000002325800 Uncommon trap: reason=bimorphic action=maybe_recompile pc=0x0000000002f80358 method=java.lang.Throwable.<init>(Ljava/lang/String;Ljava/lang/Throwable;)V @ 24

Classes redefined (0 events):
No events

Internal exceptions (10 events):
Event: 57.034 Thread 0x0000000002325800 Exception <a 'java/lang/ClassNotFoundException': org/springframework/boot/autoconfigure/web/embedded/EmbeddedWebServerFactoryCustomizerAutoConfigurationCustomizer> (0x00000000d6e3d7e8) thrown at [C:\re\workspace\8-2-build-windows-amd64-cygwin\jdk8u161\102
Event: 57.036 Thread 0x0000000002325800 Exception <a 'java/lang/ClassNotFoundException': org/springframework/boot/autoconfigure/web/embedded/EmbeddedWebServerFactoryCustomizerAutoConfiguration$$EnhancerBySpringCGLIB$$2ceff32cCustomizer> (0x00000000d6e63518) thrown at [C:\re\workspace\8-2-build-
Event: 57.037 Thread 0x0000000002325800 Exception <a 'java/lang/ClassNotFoundException': org/springframework/context/annotation/ConfigurationClassEnhancer$EnhancedConfigurationCustomizer> (0x00000000d6e84030) thrown at [C:\re\workspace\8-2-build-windows-amd64-cygwin\jdk8u161\10277\hotspot\src\s
Event: 57.064 Thread 0x0000000002325800 Exception <a 'java/lang/ClassNotFoundException': java/lang/ObjectCustomizer> (0x00000000d6f13788) thrown at [C:\re\workspace\8-2-build-windows-amd64-cygwin\jdk8u161\10277\hotspot\src\share\vm\classfile\systemDictionary.cpp, line 210]
Event: 57.065 Thread 0x0000000002325800 Exception <a 'java/lang/ClassNotFoundException': org/springframework/boot/autoconfigure/web/ServerPropertiesCustomizer> (0x00000000d6f2be90) thrown at [C:\re\workspace\8-2-build-windows-amd64-cygwin\jdk8u161\10277\hotspot\src\share\vm\classfile\systemDict
Event: 57.210 Thread 0x0000000002325800 Exception <a 'java/lang/ClassNotFoundException': java/lang/ObjectCustomizer> (0x00000000d736f050) thrown at [C:\re\workspace\8-2-build-windows-amd64-cygwin\jdk8u161\10277\hotspot\src\share\vm\classfile\systemDictionary.cpp, line 210]
Event: 57.212 Thread 0x0000000002325800 Exception <a 'java/lang/ClassNotFoundException': sebaszczen/domain/oneToOne/PersonCustomizer> (0x00000000d7382068) thrown at [C:\re\workspace\8-2-build-windows-amd64-cygwin\jdk8u161\10277\hotspot\src\share\vm\classfile\systemDictionary.cpp, line 210]
Event: 57.213 Thread 0x0000000002325800 Exception <a 'java/lang/ClassNotFoundException': sebaszczen/domain/oneToOne/ManCustomizer> (0x00000000d7391f00) thrown at [C:\re\workspace\8-2-build-windows-amd64-cygwin\jdk8u161\10277\hotspot\src\share\vm\classfile\systemDictionary.cpp, line 210]
Event: 57.370 Thread 0x0000000002325800 Exception <a 'java/lang/NoSuchMethodError': java.lang.Object.lambda$mapIfAllPresent$6(Ljava/util/Optional;Ljava/util/function/BiFunction;Ljava/lang/Object;)Ljava/util/Optional;> (0x00000000d764d928) thrown at [C:\re\workspace\8-2-build-windows-amd64-cygwi
Event: 57.370 Thread 0x0000000002325800 Exception <a 'java/lang/NoSuchMethodError': java.lang.Object.lambda$null$5(Ljava/util/function/BiFunction;Ljava/lang/Object;Ljava/lang/Object;)Ljava/lang/Object;> (0x00000000d7651e78) thrown at [C:\re\workspace\8-2-build-windows-amd64-cygwin\jdk8u161\1027

Events (10 events):
Event: 57.854 Executing VM operation: RevokeBias done
Event: 57.854 Executing VM operation: RevokeBias
Event: 57.855 Executing VM operation: RevokeBias done
Event: 57.855 Executing VM operation: RevokeBias
Event: 57.855 Executing VM operation: RevokeBias done
Event: 57.856 Thread 0x000000001a58f800 Thread exited: 0x000000001a58f800
Event: 57.856 Thread 0x000000001a58f000 Thread exited: 0x000000001a58f000
Event: 57.858 Thread 0x0000000016f76800 Thread exited: 0x0000000016f76800
Event: 57.858 Thread 0x0000000016f59000 Thread exited: 0x0000000016f59000
Event: 57.859 Thread 0x000000001a590800 Thread exited: 0x000000001a590800


Dynamic libraries:
0x00007ff638450000 - 0x00007ff638487000 	C:\Program Files\Java\jdk1.8.0_161\bin\java.exe
0x00007fffcbb10000 - 0x00007fffcbce0000 	C:\WINDOWS\SYSTEM32\ntdll.dll
0x00007fffc9480000 - 0x00007fffc952c000 	C:\WINDOWS\System32\KERNEL32.DLL
0x00007fffc84d0000 - 0x00007fffc86ed000 	C:\WINDOWS\System32\KERNELBASE.dll
0x00007fffcaec0000 - 0x00007fffcaf62000 	C:\WINDOWS\System32\ADVAPI32.dll
0x00007fffcae20000 - 0x00007fffcaebe000 	C:\WINDOWS\System32\msvcrt.dll
0x00007fffcadc0000 - 0x00007fffcae19000 	C:\WINDOWS\System32\sechost.dll
0x00007fffc9530000 - 0x00007fffc9651000 	C:\WINDOWS\System32\RPCRT4.dll
0x00007fffcb4d0000 - 0x00007fffcb635000 	C:\WINDOWS\System32\USER32.dll
0x00007fffc80b0000 - 0x00007fffc80ce000 	C:\WINDOWS\System32\win32u.dll
0x00007fffcb920000 - 0x00007fffcb954000 	C:\WINDOWS\System32\GDI32.dll
0x00007fffc8340000 - 0x00007fffc84c1000 	C:\WINDOWS\System32\gdi32full.dll
0x00007fffbbb20000 - 0x00007fffbbd9a000 	C:\WINDOWS\WinSxS\amd64_microsoft.windows.common-controls_6595b64144ccf1df_6.0.14393.2608_none_7ddacc7e8347078e\COMCTL32.dll
0x00007fffc90a0000 - 0x00007fffc9365000 	C:\WINDOWS\System32\combase.dll
0x00007fffc8180000 - 0x00007fffc8274000 	C:\WINDOWS\System32\ucrtbase.dll
0x00007fffc82d0000 - 0x00007fffc833a000 	C:\WINDOWS\System32\bcryptPrimitives.dll
0x00007fffc9430000 - 0x00007fffc945e000 	C:\WINDOWS\System32\IMM32.DLL
0x0000000068000000 - 0x0000000068066000 	C:\WINDOWS\System32\QIPCAP64.dll
0x00007fffc9770000 - 0x00007fffcac75000 	C:\WINDOWS\System32\SHELL32.dll
0x00007fffc8280000 - 0x00007fffc82c2000 	C:\WINDOWS\System32\cfgmgr32.dll
0x00007fffc89c0000 - 0x00007fffc9099000 	C:\WINDOWS\System32\windows.storage.dll
0x00007fffc7fa0000 - 0x00007fffc7fec000 	C:\WINDOWS\System32\powrprof.dll
0x00007fffc93d0000 - 0x00007fffc9422000 	C:\WINDOWS\System32\shlwapi.dll
0x00007fffc7f70000 - 0x00007fffc7f7f000 	C:\WINDOWS\System32\kernel.appcore.dll
0x00007fffc8000000 - 0x00007fffc80a9000 	C:\WINDOWS\System32\shcore.dll
0x00007fffc7f80000 - 0x00007fffc7f94000 	C:\WINDOWS\System32\profapi.dll
0x00007fffc75c0000 - 0x00007fffc7661000 	C:\WINDOWS\SYSTEM32\DNSAPI.dll
0x00007fffc9700000 - 0x00007fffc976a000 	C:\WINDOWS\System32\WS2_32.dll
0x00007fffcb7a0000 - 0x00007fffcb7a8000 	C:\WINDOWS\System32\NSI.dll
0x00007fffc7580000 - 0x00007fffc75b8000 	C:\WINDOWS\SYSTEM32\IPHLPAPI.DLL
0x000000006c750000 - 0x000000006c822000 	C:\Program Files\Java\jdk1.8.0_161\jre\bin\msvcr100.dll
0x000000006aef0000 - 0x000000006b78f000 	C:\Program Files\Java\jdk1.8.0_161\jre\bin\server\jvm.dll
0x00000000020b0000 - 0x00000000020b8000 	C:\WINDOWS\System32\PSAPI.DLL
0x00007fffc6510000 - 0x00007fffc6519000 	C:\WINDOWS\SYSTEM32\WSOCK32.dll
0x00007fffc64d0000 - 0x00007fffc64f3000 	C:\WINDOWS\SYSTEM32\WINMM.dll
0x00007fffbb060000 - 0x00007fffbb06a000 	C:\WINDOWS\SYSTEM32\VERSION.dll
0x00007fffc6450000 - 0x00007fffc647b000 	C:\WINDOWS\SYSTEM32\WINMMBASE.dll
0x000000006e100000 - 0x000000006e10f000 	C:\Program Files\Java\jdk1.8.0_161\jre\bin\verify.dll
0x000000006ce60000 - 0x000000006ce89000 	C:\Program Files\Java\jdk1.8.0_161\jre\bin\java.dll
0x000000006e110000 - 0x000000006e145000 	C:\Program Files\Java\jdk1.8.0_161\jre\bin\jdwp.dll
0x000000006c740000 - 0x000000006c748000 	C:\Program Files\Java\jdk1.8.0_161\jre\bin\npt.dll
0x000000006e0e0000 - 0x000000006e0f6000 	C:\Program Files\Java\jdk1.8.0_161\jre\bin\zip.dll
0x000000006c700000 - 0x000000006c709000 	C:\Program Files\Java\jdk1.8.0_161\jre\bin\dt_socket.dll
0x00007fffc77f0000 - 0x00007fffc784c000 	C:\WINDOWS\system32\mswsock.dll
0x000000006c6f0000 - 0x000000006c6fd000 	C:\Program Files\Java\jdk1.8.0_161\jre\bin\management.dll
0x000000006ce40000 - 0x000000006ce5a000 	C:\Program Files\Java\jdk1.8.0_161\jre\bin\net.dll
0x00007fffb37b0000 - 0x00007fffb37c6000 	C:\WINDOWS\system32\napinsp.dll
0x00007fffb3790000 - 0x00007fffb37aa000 	C:\WINDOWS\system32\pnrpnsp.dll
0x00007fffc5890000 - 0x00007fffc58a8000 	C:\WINDOWS\system32\NLAapi.dll
0x00007fffb3780000 - 0x00007fffb378e000 	C:\WINDOWS\System32\winrnr.dll
0x00007fffb3760000 - 0x00007fffb3775000 	C:\WINDOWS\System32\wshbth.dll
0x00007fffbfd30000 - 0x00007fffbfd3a000 	C:\Windows\System32\rasadhlp.dll
0x00007fffc5290000 - 0x00007fffc52fa000 	C:\WINDOWS\System32\fwpuclnt.dll
0x00007fffc7eb0000 - 0x00007fffc7edb000 	C:\WINDOWS\SYSTEM32\bcrypt.dll
0x000000006ce20000 - 0x000000006ce31000 	C:\Program Files\Java\jdk1.8.0_161\jre\bin\nio.dll
0x00007fffc79d0000 - 0x00007fffc79e7000 	C:\WINDOWS\SYSTEM32\CRYPTSP.dll
0x00007fffc7410000 - 0x00007fffc7443000 	C:\WINDOWS\system32\rsaenh.dll
0x00007fffc7680000 - 0x00007fffc769f000 	C:\WINDOWS\SYSTEM32\USERENV.dll
0x00007fffc79b0000 - 0x00007fffc79bb000 	C:\WINDOWS\SYSTEM32\CRYPTBASE.dll
0x00007fffc51f0000 - 0x00007fffc5206000 	C:\WINDOWS\SYSTEM32\dhcpcsvc6.DLL
0x00007fffc48b0000 - 0x00007fffc48ca000 	C:\WINDOWS\SYSTEM32\dhcpcsvc.DLL

VM Arguments:
jvm_args: -agentlib:jdwp=transport=dt_socket,address=127.0.0.1:64840,suspend=y,server=n -Dfile.encoding=UTF-8 
java_command: sebaszczen.App
java_class_path (initial): C:\Program Files\Java\jdk1.8.0_161\jre\lib\charsets.jar;C:\Program Files\Java\jdk1.8.0_161\jre\lib\deploy.jar;C:\Program Files\Java\jdk1.8.0_161\jre\lib\ext\access-bridge-64.jar;C:\Program Files\Java\jdk1.8.0_161\jre\lib\ext\cldrdata.jar;C:\Program Files\Java\jdk1.8.0_161\jre\lib\ext\dnsns.jar;C:\Program Files\Java\jdk1.8.0_161\jre\lib\ext\jaccess.jar;C:\Program Files\Java\jdk1.8.0_161\jre\lib\ext\jfxrt.jar;C:\Program Files\Java\jdk1.8.0_161\jre\lib\ext\localedata.jar;C:\Program Files\Java\jdk1.8.0_161\jre\lib\ext\nashorn.jar;C:\Program Files\Java\jdk1.8.0_161\jre\lib\ext\sunec.jar;C:\Program Files\Java\jdk1.8.0_161\jre\lib\ext\sunjce_provider.jar;C:\Program Files\Java\jdk1.8.0_161\jre\lib\ext\sunmscapi.jar;C:\Program Files\Java\jdk1.8.0_161\jre\lib\ext\sunpkcs11.jar;C:\Program Files\Java\jdk1.8.0_161\jre\lib\ext\zipfs.jar;C:\Program Files\Java\jdk1.8.0_161\jre\lib\javaws.jar;C:\Program Files\Java\jdk1.8.0_161\jre\lib\jce.jar;C:\Program Files\Java\jdk1.8.0_161\jre\lib\jfr.jar;C:\Program Files\Java\jdk1.8.0_161\jre\lib\jfxswt.jar;C:\Program Files\Java\jdk1.8.0_161\jre\lib\jsse.jar;C:\Program Files\Java\jdk1.8.0_161\jre\lib\management-agent.jar;C:\Program Files\Java\jdk1.8.0_161\jre\lib\plugin.jar;C:\Program Files\Java\jdk1.8.0_161\jre\lib\resources.jar;C:\Program Files\Java\jdk1.8.0_161\jre\lib\rt.jar;C:\Nowy folder\nauka\springBoot\target\classes;C:\Users\rb25788\.m2\repository\org\hibernate\hibernate-core\5.4.0.Final\hibernate-core-5.4.0.Final.jar;C:\Users\rb25788\.m2\repository\org\jboss\logging\jboss-logging\3.3.2.Final\jboss-logging-3.3.2.Final.jar;C:\Users\rb25788\.m2\repository\javax\persistence\javax.persistence-api\2.2\javax.persistence-api-2.2.jar;C:\Users\rb25788\.m2\repository\org\javassist\javassist\3.24.0-GA\javassist-3.24.0-GA.jar;C:\Users\rb25788\.m2\repository\net\bytebuddy\byte-buddy\1.7.11\byte-buddy-1.7.11.jar;C:\Users\rb25788\.m2\repository\antlr\antlr\2.7.7\antlr-2.7.7.jar;C:\Users\rb25788\.m2\repository\org\jboss\sp
Launcher Type: SUN_STANDARD

Environment Variables:
JAVA_HOME=C:\Program Files\Java\jdk1.8.0_161
PATH=C:\Program Files (x86)\Common Files\Oracle\Java\javapath;C:\ProgramData\Oracle\Java\javapath;C:\Oracle\product\12.1.0\client_1\bin;C:\WINDOWS\system32;C:\WINDOWS;C:\WINDOWS\System32\Wbem;C:\WINDOWS\System32\WindowsPowerShell\v1.0\;c:\MAVEN;C:\maven\apache-maven-3.5.2\;C:\maven\apache-maven-3.5.2\bin\;C:\Program Files\MySQL\MySQL Utilities 1.6\;C:\Program Files\nodejs\;C:\Users\rb25788\AppData\Local\Microsoft\WindowsApps;C:\Users\rb25788\AppData\Local\Programs\Git\cmd;C:\Users\rb25788\AppData\Local\Programs\Microsoft VS Code\bin;C:\Users\rb25788\AppData\Roaming\npm
USERNAME=rb25788
OS=Windows_NT
PROCESSOR_IDENTIFIER=Intel64 Family 6 Model 78 Stepping 3, GenuineIntel



---------------  S Y S T E M  ---------------

OS: Windows 10.0 , 64 bit Build 14393 (10.0.14393.2608)

CPU:total 4 (initial active 4) (2 cores per cpu, 2 threads per core) family 6 model 78 stepping 3, cmov, cx8, fxsr, mmx, sse, sse2, sse3, ssse3, sse4.1, sse4.2, popcnt, avx, avx2, aes, clmul, erms, 3dnowpref, lzcnt, ht, tsc, tscinvbit, bmi1, bmi2, adx

Memory: 4k page, physical 8266320k(1920892k free), swap 16067992k(2580k free)

vm_info: Java HotSpot(TM) 64-Bit Server VM (25.161-b12) for windows-amd64 JRE (1.8.0_161-b12), built on Dec 19 2017 17:52:25 by "java_re" with MS VC++ 10.0 (VS2010)

time: Fri Apr 12 15:42:30 2019
elapsed time: 58 seconds (0d 0h 0m 58s)

