JvmtiExport can_access_local_variables 1
JvmtiExport can_hotswap_or_post_breakpoint 1
JvmtiExport can_post_on_exceptions 1
# 510 ciObject found
ciMethod java/lang/Object <init> ()V 4097 1 964941 0 0
ciMethod java/lang/Object getClass ()Ljava/lang/Class; 273505 1 34188 0 -1
ciMethod java/lang/Object hashCode ()I 385625 1 48203 0 -1
ciMethod java/lang/Object equals (Ljava/lang/Object;)Z 2177 1 18849 0 -1
ciMethod java/lang/Object clone ()Ljava/lang/Object; 749873 1 93734 0 -1
ciMethod java/lang/Class isInterface ()Z 89769 1 11221 0 -1
ciMethod java/lang/Class isArray ()Z 120929 1 15116 0 -1
ciMethod java/lang/Class getName ()Ljava/lang/String; 1769 1 136774 0 -1
ciMethod java/lang/Class getClassLoader0 ()Ljava/lang/ClassLoader; 10137 1 1267 0 -1
ciMethod java/lang/Class getSuperclass ()Ljava/lang/Class; 313993 1 39249 0 -1
ciMethod java/lang/Class getInterfaces ()[Ljava/lang/Class; 897 1 42581 0 1792
ciMethod java/lang/Class getInterfaces0 ()[Ljava/lang/Class; 2241 1 280 0 -1
ciMethod java/lang/Class getModifiers ()I 11281 1 1410 0 -1
ciMethod java/lang/Class getMethods ()[Ljava/lang/reflect/Method; 2049 1 1471 0 0
ciMethod java/lang/Class getMethod (Ljava/lang/String;[Ljava/lang/Class;)Ljava/lang/reflect/Method; 2033 1 5771 497 0
ciMethod java/lang/Class getDeclaredMethods ()[Ljava/lang/reflect/Method; 1513 1 2170 0 0
ciMethod java/lang/Class checkMemberAccess (ILjava/lang/Class;Z)V 2049 1 9129 0 96
ciMethod java/lang/Class checkPackageAccess (Ljava/lang/ClassLoader;Z)V 113 1 42 0 -1
ciMethod java/lang/Class reflectionData ()Ljava/lang/Class$ReflectionData; 3073 1 46505 0 1472
ciMethod java/lang/Class newReflectionData (Ljava/lang/ref/SoftReference;I)Ljava/lang/Class$ReflectionData; 673 1 893 0 0
ciMethod java/lang/Class privateGetDeclaredMethods (Z)[Ljava/lang/reflect/Method; 5361 1 9425 0 0
ciMethod java/lang/Class privateGetPublicMethods ()[Ljava/lang/reflect/Method; 3105 7185 2047 0 0
ciMethod java/lang/Class getMethod0 (Ljava/lang/String;[Ljava/lang/Class;Z)Ljava/lang/reflect/Method; 2057 1 11351 0 -1
ciMethod java/lang/Class copyMethods ([Ljava/lang/reflect/Method;)[Ljava/lang/reflect/Method; 2049 13569 3647 0 0
ciMethod java/lang/Class getDeclaredMethods0 (Z)[Ljava/lang/reflect/Method; 2785 1 348 0 -1
ciMethod java/lang/Class argumentTypesToString ([Ljava/lang/Class;)Ljava/lang/String; 1 1 1270 0 -1
ciMethod java/lang/Class isEnum ()Z 633 1 279 0 0
ciMethod java/lang/Class getReflectionFactory ()Lsun/reflect/ReflectionFactory; 2057 1 11620 0 64
ciMethod java/lang/Class checkInitted ()V 3105 1 16259 0 0
ciMethod java/lang/Class getEnumConstantsShared ()[Ljava/lang/Object; 2049 1 2106 0 0
ciMethod java/lang/ClassLoader getClassLoader (Ljava/lang/Class;)Ljava/lang/ClassLoader; 217 1 2430 0 -1
ciMethod java/lang/System getSecurityManager ()Ljava/lang/SecurityManager; 3105 1 57505 0 0
ciMethod java/lang/System arraycopy (Ljava/lang/Object;ILjava/lang/Object;II)V 944737 1 118092 0 -1
ciMethod java/lang/SecurityManager checkPermission (Ljava/security/Permission;)V 0 0 1 0 -1
ciMethod java/lang/ref/Reference get ()Ljava/lang/Object; 523793 1 65474 0 -1
ciMethod java/lang/ref/Reference <init> (Ljava/lang/Object;)V 1113 1 21582 0 0
ciMethod java/lang/ref/Reference <init> (Ljava/lang/Object;Ljava/lang/ref/ReferenceQueue;)V 2049 1 31282 0 96
ciMethod java/lang/ref/SoftReference <init> (Ljava/lang/Object;)V 1049 1 4724 0 0
ciMethod java/lang/ref/SoftReference <init> (Ljava/lang/Object;Ljava/lang/ref/ReferenceQueue;)V 2049 1 3319 0 0
ciMethod java/lang/ref/SoftReference get ()Ljava/lang/Object; 2049 1 76320 0 96
ciMethod java/lang/ref/WeakReference <init> (Ljava/lang/Object;Ljava/lang/ref/ReferenceQueue;)V 3073 1 7484 0 -1
ciMethod java/lang/Thread currentThread ()Ljava/lang/Thread; 21721 1 2715 0 -1
ciMethod java/util/Map get (Ljava/lang/Object;)Ljava/lang/Object; 0 0 1 0 -1
ciMethod java/util/Map put (Ljava/lang/Object;Ljava/lang/Object;)Ljava/lang/Object; 0 0 1 0 -1
ciMethod java/lang/reflect/AccessibleObject <init> ()V 2049 1 20218 0 0
ciMethod java/lang/reflect/AccessibleObject checkAccess (Ljava/lang/Class;Ljava/lang/Class;Ljava/lang/Object;I)V 25 1 4123 0 -1
ciMethod java/lang/reflect/Member getName ()Ljava/lang/String; 0 0 1 0 -1
ciMethod java/lang/reflect/Method <init> (Ljava/lang/Class;Ljava/lang/String;[Ljava/lang/Class;Ljava/lang/Class;[Ljava/lang/Class;IILjava/lang/String;[B[B[B)V 3073 1 15025 0 0
ciMethod java/lang/reflect/Method copy ()Ljava/lang/reflect/Method; 2081 1 15025 0 352
ciMethod java/lang/reflect/Method getDeclaringClass ()Ljava/lang/Class; 473377 1 59172 0 0
ciMethod java/lang/reflect/Method getModifiers ()I 253521 1 31690 0 0
ciMethod java/lang/reflect/Method invoke (Ljava/lang/Object;[Ljava/lang/Object;)Ljava/lang/Object; 2049 1 7553 0 416
ciMethod java/lang/reflect/Method isDefault ()Z 2217 1 14726 0 0
ciMethod java/lang/reflect/Method acquireMethodAccessor ()Lsun/reflect/MethodAccessor; 145 1 250 0 -1
ciMethod java/lang/reflect/Executable <init> ()V 3193 1 18709 0 0
ciMethod sun/reflect/MethodAccessor invoke (Ljava/lang/Object;[Ljava/lang/Object;)Ljava/lang/Object; 0 0 1 0 -1
ciMethod java/lang/StringBuilder <init> ()V 1537 1 51915 0 -1
ciMethod java/lang/StringBuilder append (Ljava/lang/String;)Ljava/lang/StringBuilder; 3049 1 173964 0 -1
ciMethod java/lang/StringBuilder toString ()Ljava/lang/String; 1577 1 61036 0 -1
ciMethod sun/misc/Unsafe compareAndSwapObject (Ljava/lang/Object;JLjava/lang/Object;Ljava/lang/Object;)Z 13729 1 1716 0 -1
ciMethod sun/misc/Unsafe compareAndSwapInt (Ljava/lang/Object;JII)Z 5921 1 740 0 -1
ciMethod java/security/AccessController doPrivileged (Ljava/security/PrivilegedAction;)Ljava/lang/Object; 3649 1 456 0 -1
ciMethod sun/reflect/ReflectionFactory$GetReflectionFactoryAction <init> ()V 25 1 3 0 -1
ciMethod java/util/List size ()I 0 0 1 0 -1
ciMethod java/util/List iterator ()Ljava/util/Iterator; 0 0 1 0 -1
ciMethod java/util/List add (Ljava/lang/Object;)Z 0 0 1 0 -1
ciMethod java/util/AbstractList listIterator ()Ljava/util/ListIterator; 1385 1 6740 0 64
ciMethod java/util/AbstractList listIterator (I)Ljava/util/ListIterator; 3321 1 2495 0 -1
ciMethod java/util/AbstractCollection <init> ()V 2769 1 116959 0 0
ciMethod java/util/AbstractCollection contains (Ljava/lang/Object;)Z 0 0 1 0 -1
ciMethod java/util/AbstractCollection add (Ljava/lang/Object;)Z 0 0 1 0 -1
ciMethod sun/reflect/ReflectionFactory copyMethod (Ljava/lang/reflect/Method;)Ljava/lang/reflect/Method; 2081 1 38019 0 0
ciMethod sun/reflect/ReflectionFactory langReflectAccess ()Lsun/reflect/LangReflectAccess; 2049 1 43226 0 0
ciMethod java/util/Collections emptySet ()Ljava/util/Set; 2385 1 43603 0 -1
ciMethod java/util/Set size ()I 0 0 1 0 -1
ciMethod java/util/Set contains (Ljava/lang/Object;)Z 0 0 1 0 -1
ciMethod java/util/AbstractSet <init> ()V 313 1 47409 0 0
ciMethod sun/misc/SharedSecrets getJavaLangAccess ()Lsun/misc/JavaLangAccess; 2081 1 10705 0 0
ciMethod sun/reflect/Reflection getCallerClass ()Ljava/lang/Class; 27281 1 3410 0 -1
ciMethod sun/reflect/Reflection quickCheckMemberAccess (Ljava/lang/Class;I)Z 2057 1 15638 0 -1
ciMethod sun/reflect/Reflection filterMethods (Ljava/lang/Class;[Ljava/lang/reflect/Method;)[Ljava/lang/reflect/Method; 769 1 728 0 0
ciMethod sun/reflect/Reflection filter ([Ljava/lang/reflect/Member;[Ljava/lang/String;)[Ljava/lang/reflect/Member; 1081 1 1123 0 0
ciMethod java/lang/Math max (II)I 4097 1 20146 0 -1
ciMethod java/lang/Class$3 <init> ()V 49 1 6 0 -1
ciMethod java/lang/Class$ReflectionData <init> (I)V 2049 1 893 0 0
ciMethod java/lang/Class$Atomic casReflectionData (Ljava/lang/Class;Ljava/lang/ref/SoftReference;Ljava/lang/ref/SoftReference;)Z 2049 1 893 0 0
ciMethod java/lang/reflect/Modifier isPublic (I)Z 2081 1 37463 0 -1
ciMethod java/lang/reflect/Modifier isStatic (I)Z 2129 1 13426 0 -1
ciMethod java/lang/reflect/Modifier isAbstract (I)Z 2049 1 4244 0 0
ciMethod sun/reflect/LangReflectAccess copyMethod (Ljava/lang/reflect/Method;)Ljava/lang/reflect/Method; 0 0 1 0 -1
ciMethod java/lang/reflect/ReflectAccess copyMethod (Ljava/lang/reflect/Method;)Ljava/lang/reflect/Method; 2081 1 38019 0 0
ciMethod java/util/Arrays copyOf ([Ljava/lang/Object;I)[Ljava/lang/Object; 2057 1 7290 0 0
ciMethod java/util/Arrays copyOf ([Ljava/lang/Object;ILjava/lang/Class;)[Ljava/lang/Object; 2049 1 7463 0 -1
ciMethod java/util/Iterator hasNext ()Z 0 0 1 0 -1
ciMethod java/util/Iterator next ()Ljava/lang/Object; 0 0 1 0 -1
ciMethod java/lang/Enum ordinal ()I 23881 1 2985 0 0
ciMethod java/lang/Enum getDeclaringClass ()Ljava/lang/Class; 2081 1 2189 0 0
ciMethodData java/lang/Object <init> ()V 2 964941 orig 264 152 82 77 107 0 0 0 0 128 4 91 22 0 0 0 0 32 1 0 0 0 0 0 0 0 0 0 0 0 0 0 0 0 0 0 0 0 0 0 0 0 0 0 0 0 0 0 0 0 0 0 0 0 0 0 0 0 0 0 0 0 0 0 0 0 0 0 0 0 0 0 0 0 0 0 0 0 0 0 0 77 68 79 32 101 120 116 114 97 32 100 97 116 97 32 108 111 99 107 0 0 0 0 0 0 0 0 0 0 0 0 0 0 0 0 0 0 0 0 0 0 0 0 0 0 0 0 0 0 0 0 0 0 0 0 0 0 0 0 0 0 0 0 0 0 0 0 0 0 0 0 0 0 0 0 0 0 0 0 0 0 0 0 0 0 0 0 0 0 0 0 0 0 0 0 0 0 0 0 0 0 0 0 0 0 0 0 0 0 0 0 0 0 0 0 0 0 0 0 0 0 0 0 0 0 0 0 0 0 0 0 0 0 0 0 0 0 2 0 0 105 186 117 0 1 0 0 0 0 0 0 0 0 0 0 0 2 0 0 0 0 0 3 0 1 0 0 0 0 0 0 0 255 255 255 255 0 0 0 0 0 0 0 0 data 0 oops 0
ciMethod sun/misc/JavaLangAccess getEnumConstantsShared (Ljava/lang/Class;)[Ljava/lang/Enum; 0 0 1 0 -1
ciMethod java/lang/System$2 getEnumConstantsShared (Ljava/lang/Class;)[Ljava/lang/Enum; 2049 1 2078 0 0
ciMethod java/lang/IllegalArgumentException <init> (Ljava/lang/String;)V 0 0 1 0 -1
ciMethod java/lang/reflect/Array newInstance (Ljava/lang/Class;I)Ljava/lang/Object; 289 1 28868 0 -1
ciMethod java/util/concurrent/locks/ReentrantLock lock ()V 265 1 2445 0 0
ciMethod java/util/concurrent/locks/ReentrantLock unlock ()V 289 1 2461 0 0
ciMethodData java/lang/System getSecurityManager ()Ljava/lang/SecurityManager; 2 57505 orig 264 152 82 77 107 0 0 0 0 208 154 92 22 0 0 0 0 24 1 0 0 0 0 0 0 0 0 0 0 0 0 0 0 0 0 0 0 0 0 0 0 0 0 0 0 0 0 0 0 0 0 0 0 0 0 0 0 0 0 0 0 0 0 0 0 0 0 0 0 0 0 0 0 0 0 0 0 0 0 0 0 77 68 79 32 101 120 116 114 97 32 100 97 116 97 32 108 111 99 107 0 0 0 0 0 0 0 0 0 0 0 0 0 0 0 0 0 0 0 0 0 0 0 0 0 0 0 0 0 0 0 0 0 0 0 0 0 0 0 0 0 0 0 0 0 0 0 0 0 0 0 0 0 0 0 0 0 0 0 0 0 0 0 0 0 0 0 0 0 0 0 0 0 0 0 0 0 0 0 0 0 0 0 0 0 0 0 0 0 0 0 0 0 0 0 0 0 0 0 0 0 0 0 0 0 0 0 0 0 0 0 0 0 0 0 0 0 132 1 0 0 233 248 6 0 1 0 0 0 0 0 0 0 0 0 0 0 2 0 0 0 0 0 3 0 1 0 0 0 0 0 0 0 255 255 255 255 0 0 0 0 0 0 0 0 data 0 oops 0
ciMethod java/util/LinkedList <init> ()V 2497 1 7194 0 0
ciMethod java/util/LinkedList linkLast (Ljava/lang/Object;)V 4097 1 5121 0 -1
ciMethod java/util/LinkedList size ()I 8097 1 1012 0 0
ciMethod java/util/LinkedList add (Ljava/lang/Object;)Z 4097 1 4209 0 0
ciMethod java/util/LinkedList isPositionIndex (I)Z 2065 1 10183 0 0
ciMethod java/util/LinkedList checkPositionIndex (I)V 2065 1 10183 0 0
ciMethod java/util/LinkedList node (I)Ljava/util/LinkedList$Node; 2201 1 7476 0 0
ciMethod java/util/LinkedList listIterator (I)Ljava/util/ListIterator; 1265 1 4360 0 0
ciMethod java/util/AbstractSequentialList <init> ()V 2513 1 7209 0 -1
ciMethod java/util/AbstractSequentialList iterator ()Ljava/util/Iterator; 2049 1 4243 0 0
ciMethodData java/lang/ref/Reference <init> (Ljava/lang/Object;Ljava/lang/ref/ReferenceQueue;)V 2 31282 orig 264 152 82 77 107 0 0 0 0 80 141 93 22 0 0 0 0 120 1 0 0 0 0 0 0 0 0 0 0 0 0 0 0 0 0 0 0 0 0 0 0 0 0 0 0 0 0 0 0 0 0 0 0 0 0 0 0 0 0 0 0 0 0 0 0 0 0 0 0 0 0 0 0 0 0 0 0 0 0 0 0 77 68 79 32 101 120 116 114 97 32 100 97 116 97 32 108 111 99 107 0 0 0 0 0 0 0 0 0 0 0 0 0 0 0 0 0 0 0 0 0 0 0 0 0 0 0 0 0 0 0 0 0 0 0 0 0 0 0 0 0 0 0 0 0 0 0 0 0 0 0 0 0 0 0 0 0 0 0 0 0 0 0 0 0 0 0 0 0 0 0 0 0 0 0 0 0 0 0 0 0 0 0 0 0 0 0 0 0 0 0 0 0 0 0 0 0 0 0 0 0 0 0 0 0 0 0 0 0 0 0 0 0 0 0 0 0 0 1 0 0 145 201 3 0 1 0 0 0 0 0 0 0 0 0 0 0 2 0 0 0 0 0 6 0 2 0 0 0 72 0 0 0 255 255 255 255 2 0 1 0 0 0 0 0 data 9 0x10002 0x7932 0xb0007 0x3f7e 0x38 0x39b5 0x110003 0x39b5 0x18 oops 0
ciMethod java/lang/Class$MethodArray <init> ()V 2065 1 1031 0 0
ciMethod java/lang/Class$MethodArray <init> (I)V 2049 1 12382 0 0
ciMethod java/lang/Class$MethodArray hasDefaults ()Z 2113 1 3129 0 -1
ciMethod java/lang/Class$MethodArray add (Ljava/lang/reflect/Method;)V 2129 1 7425 0 800
ciMethod java/lang/Class$MethodArray addAll ([Ljava/lang/reflect/Method;)V 1209 6185 604 0 0
ciMethod java/lang/Class$MethodArray addAll (Ljava/lang/Class$MethodArray;)V 185 601 177 0 0
ciMethod java/lang/Class$MethodArray addIfNotPresent (Ljava/lang/reflect/Method;)V 2057 16249 2283 0 -1
ciMethod java/lang/Class$MethodArray addAllIfNotPresent (Ljava/lang/Class$MethodArray;)V 1025 5097 427 0 0
ciMethod java/lang/Class$MethodArray addInterfaceMethods ([Ljava/lang/reflect/Method;)V 1001 2889 394 0 0
ciMethod java/lang/Class$MethodArray length ()I 15145 1 1893 0 0
ciMethod java/lang/Class$MethodArray get (I)Ljava/lang/reflect/Method; 3169 1 17367 0 0
ciMethod java/lang/Class$MethodArray removeByNameAndDescriptor (Ljava/lang/reflect/Method;)V 2313 10377 3110 0 1408
ciMethod java/lang/Class$MethodArray remove (I)V 201 1 418 0 -1
ciMethod java/lang/Class$MethodArray matchesNameAndDescriptor (Ljava/lang/reflect/Method;Ljava/lang/reflect/Method;)Z 2505 1 16021 0 -1
ciMethod java/lang/Class$MethodArray compactAndTrim ()V 1025 8321 427 0 0
ciMethod java/lang/Class$MethodArray removeLessSpecifics ()V 953 1033 3129 0 0
ciMethod java/lang/Class$MethodArray getArray ()[Ljava/lang/reflect/Method; 1505 1 188 0 0
ciMethod java/lang/Class$MethodArray hasMoreSpecificClass (Ljava/lang/reflect/Method;Ljava/lang/reflect/Method;)Z 0 0 1 0 -1
ciMethodData java/util/AbstractSet <init> ()V 2 47409 orig 264 152 82 77 107 0 0 0 0 16 201 104 22 0 0 0 0 48 1 0 0 0 0 0 0 0 0 0 0 0 0 0 0 0 0 0 0 0 0 0 0 0 0 0 0 0 0 0 0 0 0 0 0 0 0 0 0 0 0 0 0 0 0 0 0 0 0 0 0 0 0 0 0 0 0 0 0 0 0 0 0 77 68 79 32 101 120 116 114 97 32 100 97 116 97 32 108 111 99 107 0 0 0 0 0 0 0 0 0 0 0 0 0 0 0 0 0 0 0 0 0 0 0 0 0 0 0 0 0 0 0 0 0 0 0 0 0 0 0 0 0 0 0 0 0 0 0 0 0 0 0 0 0 0 0 0 0 0 0 0 0 0 0 0 0 0 0 0 0 0 0 0 0 0 0 0 0 0 0 0 0 0 0 0 0 0 0 0 0 0 0 0 0 0 0 0 0 0 0 0 0 0 0 0 0 0 0 0 0 0 0 0 0 0 0 0 0 39 0 0 0 81 200 5 0 1 0 0 0 0 0 0 0 0 0 0 0 2 0 0 0 0 0 3 0 2 0 0 0 16 0 0 0 255 255 255 255 2 0 1 0 0 0 0 0 data 2 0x10002 0xb90b oops 0
ciMethodData java/lang/ref/SoftReference get ()Ljava/lang/Object; 2 76320 orig 264 152 82 77 107 0 0 0 0 80 146 93 22 0 0 0 0 112 1 0 0 0 0 0 0 0 0 0 0 0 0 0 0 0 0 0 0 0 0 0 0 0 0 0 0 0 0 0 0 0 0 0 0 0 0 0 0 0 0 0 0 0 0 0 0 0 0 0 0 0 0 0 0 0 0 0 0 0 0 0 0 77 68 79 32 101 120 116 114 97 32 100 97 116 97 32 108 111 99 107 0 0 0 0 0 0 0 0 0 0 0 0 0 0 0 0 0 0 0 0 0 0 0 0 0 0 0 0 0 0 0 0 0 0 0 0 0 0 0 0 0 0 0 0 0 0 0 0 0 0 0 0 0 0 0 0 0 0 0 0 0 0 0 0 0 0 0 0 0 0 0 0 0 0 0 0 0 0 0 0 0 0 0 0 0 0 0 0 0 0 0 0 0 0 0 0 0 0 0 0 0 0 0 0 0 0 0 0 0 0 0 0 0 0 0 0 0 0 1 0 0 1 73 9 0 1 0 0 0 0 0 0 0 0 0 0 0 2 0 0 0 0 0 8 0 2 0 0 0 80 0 0 0 255 255 255 255 2 0 1 0 0 0 0 0 data 10 0x10002 0x12920 0x60007 0x0 0x40 0x1291f 0x110007 0x1261d 0x20 0x302 oops 0
ciMethod java/lang/NoSuchMethodException <init> (Ljava/lang/String;)V 17 1 1273 0 -1
ciMethod java/util/concurrent/locks/ReentrantLock$NonfairSync lock ()V 2057 1 2446 0 0
ciMethod java/util/concurrent/locks/ReentrantLock$Sync lock ()V 0 0 1 0 -1
ciMethod java/util/concurrent/locks/ReentrantLock$Sync tryRelease (I)Z 2049 1 2697 0 0
ciMethod java/util/concurrent/locks/AbstractQueuedSynchronizer getState ()I 4553 1 569 0 0
ciMethod java/util/concurrent/locks/AbstractQueuedSynchronizer setState (I)V 2057 1 2815 0 0
ciMethod java/util/concurrent/locks/AbstractQueuedSynchronizer compareAndSetState (II)Z 2049 1 2719 0 0
ciMethod java/util/concurrent/locks/AbstractQueuedSynchronizer unparkSuccessor (Ljava/util/concurrent/locks/AbstractQueuedSynchronizer$Node;)V 0 0 1 0 0
ciMethod java/util/concurrent/locks/AbstractQueuedSynchronizer tryRelease (I)Z 0 0 1 0 -1
ciMethod java/util/concurrent/locks/AbstractQueuedSynchronizer acquire (I)V 401 1 77 0 -1
ciMethod java/util/concurrent/locks/AbstractQueuedSynchronizer release (I)Z 505 1 2543 0 0
ciMethod java/util/concurrent/locks/AbstractQueuedSynchronizer compareAndSetWaitStatus (Ljava/util/concurrent/locks/AbstractQueuedSynchronizer$Node;II)Z 81 1 6 0 -1
ciMethod java/util/concurrent/locks/AbstractOwnableSynchronizer setExclusiveOwnerThread (Ljava/lang/Thread;)V 3137 1 5295 0 0
ciMethod java/util/concurrent/locks/AbstractOwnableSynchronizer getExclusiveOwnerThread ()Ljava/lang/Thread; 4489 1 561 0 0
ciMethod java/util/EnumSet <init> (Ljava/lang/Class;[Ljava/lang/Enum;)V 3081 1 2067 0 0
ciMethod java/util/EnumSet noneOf (Ljava/lang/Class;)Ljava/util/EnumSet; 2097 1 2066 0 0
ciMethod java/util/EnumSet of (Ljava/lang/Enum;[Ljava/lang/Enum;)Ljava/util/EnumSet; 2049 4121 2009 0 0
ciMethod java/util/EnumSet typeCheck (Ljava/lang/Enum;)V 2081 1 6123 0 0
ciMethod java/util/EnumSet getUniverse (Ljava/lang/Class;)[Ljava/lang/Enum; 2081 1 2067 0 0
ciMethod java/lang/Class$4 <init> (Ljava/lang/Class;Ljava/lang/reflect/Method;)V 105 1 37 0 0
ciMethod java/util/RegularEnumSet <init> (Ljava/lang/Class;[Ljava/lang/Enum;)V 3081 1 2066 0 0
ciMethod java/util/RegularEnumSet contains (Ljava/lang/Object;)Z 2049 1 11370 0 0
ciMethod java/util/RegularEnumSet add (Ljava/lang/Enum;)Z 2057 1 6123 0 0
ciMethod java/util/RegularEnumSet add (Ljava/lang/Object;)Z 2057 1 6124 0 0
ciMethodData java/lang/ref/SoftReference <init> (Ljava/lang/Object;)V 2 4724 orig 264 152 82 77 107 0 0 0 0 0 145 93 22 0 0 0 0 56 1 0 0 0 0 0 0 0 0 0 0 0 0 0 0 0 0 0 0 0 0 0 0 0 0 0 0 0 0 0 0 0 0 0 0 0 0 0 0 0 0 0 0 0 0 0 0 0 0 0 0 0 0 0 0 0 0 0 0 0 0 0 0 77 68 79 32 101 120 116 114 97 32 100 97 116 97 32 108 111 99 107 0 0 0 0 0 0 0 0 0 0 0 0 0 0 0 0 0 0 0 0 0 0 0 0 0 0 0 0 0 0 0 0 0 0 0 0 0 0 0 0 0 0 0 0 0 0 0 0 0 0 0 0 0 0 0 0 0 0 0 0 0 0 0 0 0 0 0 0 0 0 0 0 0 0 0 0 0 0 0 0 0 0 0 0 0 0 0 0 0 0 0 0 0 0 0 0 0 0 0 0 0 0 0 0 0 0 0 0 0 0 0 0 0 0 0 0 0 131 0 0 0 137 143 0 0 1 0 0 0 0 0 0 0 0 0 0 0 2 0 0 0 0 0 7 0 2 0 0 0 16 0 0 0 255 255 255 255 2 0 2 0 0 0 0 0 data 2 0x20002 0x11f1 oops 0
ciMethodData java/lang/ref/Reference <init> (Ljava/lang/Object;)V 2 21582 orig 264 152 82 77 107 0 0 0 0 160 140 93 22 0 0 0 0 56 1 0 0 0 0 0 0 0 0 0 0 0 0 0 0 0 0 0 0 0 0 0 0 0 0 0 0 0 0 0 0 0 0 0 0 0 0 0 0 0 0 0 0 0 0 0 0 0 0 0 0 0 0 0 0 0 0 0 0 0 0 0 0 77 68 79 32 101 120 116 114 97 32 100 97 116 97 32 108 111 99 107 0 0 0 0 0 0 0 0 0 0 0 0 0 0 0 0 0 0 0 0 0 0 0 0 0 0 0 0 0 0 0 0 0 0 0 0 0 0 0 0 0 0 0 0 0 0 0 0 0 0 0 0 0 0 0 0 0 0 0 0 0 0 0 0 0 0 0 0 0 0 0 0 0 0 0 0 0 0 0 0 0 0 0 0 0 0 0 0 0 0 0 0 0 0 0 0 0 0 0 0 0 0 0 0 0 0 0 0 0 0 0 0 0 0 0 0 0 139 0 0 0 25 158 2 0 1 0 0 0 0 0 0 0 0 0 0 0 2 0 0 0 0 0 6 0 2 0 0 0 16 0 0 0 255 255 255 255 2 0 3 0 0 0 0 0 data 2 0x30002 0x53c3 oops 0
ciMethodData sun/reflect/ReflectionFactory langReflectAccess ()Lsun/reflect/LangReflectAccess; 2 43226 orig 264 152 82 77 107 0 0 0 0 48 231 103 22 0 0 0 0 112 1 0 0 0 0 0 0 0 0 0 0 0 0 0 0 0 0 0 0 0 0 0 0 0 0 0 0 0 0 0 0 0 0 0 0 0 0 0 0 0 0 0 0 0 0 0 0 0 0 0 0 0 0 0 0 0 0 0 0 0 0 0 0 77 68 79 32 101 120 116 114 97 32 100 97 116 97 32 108 111 99 107 0 0 0 0 0 0 0 0 0 0 0 0 0 0 0 0 0 0 0 0 0 0 0 0 0 0 0 0 0 0 0 0 0 0 0 0 0 0 0 0 0 0 0 0 0 0 0 0 0 0 0 0 0 0 0 0 0 0 0 0 0 0 0 0 0 0 0 0 0 0 0 0 0 0 0 0 0 0 0 0 0 0 0 0 0 0 0 0 0 0 0 0 0 0 0 0 0 0 0 0 0 0 0 0 0 0 0 0 0 0 0 0 0 0 0 0 0 0 1 0 0 209 62 5 0 1 0 0 0 0 0 0 0 0 0 0 0 2 0 0 0 0 0 9 0 2 0 0 0 48 0 0 0 255 255 255 255 7 0 3 0 0 0 0 0 data 6 0x30007 0xa7da 0x30 0x0 0x70002 0x0 oops 0
ciMethodData java/lang/reflect/AccessibleObject <init> ()V 2 20218 orig 264 152 82 77 107 0 0 0 0 24 189 94 22 0 0 0 0 48 1 0 0 0 0 0 0 0 0 0 0 0 0 0 0 0 0 0 0 0 0 0 0 0 0 0 0 0 0 0 0 0 0 0 0 0 0 0 0 0 0 0 0 0 0 0 0 0 0 0 0 0 0 0 0 0 0 0 0 0 0 0 0 77 68 79 32 101 120 116 114 97 32 100 97 116 97 32 108 111 99 107 0 0 0 0 0 0 0 0 0 0 0 0 0 0 0 0 0 0 0 0 0 0 0 0 0 0 0 0 0 0 0 0 0 0 0 0 0 0 0 0 0 0 0 0 0 0 0 0 0 0 0 0 0 0 0 0 0 0 0 0 0 0 0 0 0 0 0 0 0 0 0 0 0 0 0 0 0 0 0 0 0 0 0 0 0 0 0 0 0 0 0 0 0 0 0 0 0 0 0 0 0 0 0 0 0 0 0 0 0 0 0 0 0 0 0 0 0 0 1 0 0 209 111 2 0 1 0 0 0 0 0 0 0 0 0 0 0 2 0 0 0 0 0 3 0 2 0 0 0 16 0 0 0 255 255 255 255 2 0 1 0 0 0 0 0 data 2 0x10002 0x4dfa oops 0
ciMethodData java/lang/Class getInterfaces ()[Ljava/lang/Class; 2 42581 orig 264 152 82 77 107 0 0 0 0 216 206 91 22 0 0 0 0 24 2 0 0 96 0 0 0 0 0 0 0 0 0 0 0 0 0 0 0 0 0 0 0 0 0 0 0 0 0 0 0 0 0 0 0 0 0 0 0 0 0 0 0 0 0 0 0 0 0 0 0 0 0 0 0 0 0 0 0 0 0 0 0 77 68 79 32 101 120 116 114 97 32 100 97 116 97 32 108 111 99 107 0 0 0 0 0 0 0 0 0 0 0 0 0 0 0 0 0 0 0 0 0 0 0 0 0 0 0 0 0 0 0 0 0 0 0 0 0 0 0 0 0 0 0 0 0 0 0 0 0 0 0 0 0 0 0 0 0 0 0 0 0 0 0 0 0 0 0 0 0 0 0 0 0 0 0 0 0 0 0 0 0 0 0 0 0 0 0 0 0 0 0 0 0 0 0 0 0 0 0 0 0 0 0 0 0 0 0 0 0 0 0 0 0 0 0 0 0 112 0 0 0 41 47 5 0 1 0 0 0 0 0 0 0 0 0 0 0 2 0 0 0 0 0 8 0 2 0 0 0 208 0 0 0 255 255 255 255 2 0 1 0 0 0 0 0 data 26 0x10002 0xa5e5 0x60007 0xa5e5 0x30 0x0 0xa0002 0x0 0x140007 0xa42b 0x30 0x1ba 0x180002 0x1ba 0x220005 0x0 0x22609520 0xa5e5 0x0 0x0 0x250004 0x0 0x22609520 0xa5e5 0x0 0x0 oops 2